# JRE version: OpenJDK Runtime Environment (11.0.11+9) (build 11.0.11+9-Ubuntu-0ubuntu2.18.04)
# Java VM: OpenJDK 64-Bit Server VM (11.0.11+9-Ubuntu-0ubuntu2.18.04, mixed mode, sharing, tiered, compressed oops, g1 gc, linux-amd64)
Heap:
 garbage-first heap   total 17408K, used 3694K [0x0000000767600000, 0x0000000800000000)
  region size 1024K, 2 young (2048K), 1 survivors (1024K)
 Metaspace       used 7513K, capacity 10653K, committed 10752K, reserved 1058816K
  class space    used 924K, capacity 1240K, committed 1280K, reserved 1048576K
GC Heap History (10 events):
Event: 0.150 GC heap before
{Heap before GC invocations=0 (full 0):
 garbage-first heap   total 10240K, used 3784K [0x0000000767600000, 0x0000000800000000)
  region size 1024K, 3 young (3072K), 0 survivors (0K)
 Metaspace       used 2758K, capacity 6655K, committed 6912K, reserved 1056768K
  class space    used 356K, capacity 734K, committed 768K, reserved 1048576K
}
Event: 0.157 GC heap after
{Heap after GC invocations=1 (full 0):
 garbage-first heap   total 10240K, used 1865K [0x0000000767600000, 0x0000000800000000)
  region size 1024K, 1 young (1024K), 1 survivors (1024K)
 Metaspace       used 2758K, capacity 6655K, committed 6912K, reserved 1056768K
  class space    used 356K, capacity 734K, committed 768K, reserved 1048576K
}
Event: 0.262 GC heap before
{Heap before GC invocations=1 (full 0):
 garbage-first heap   total 10240K, used 3913K [0x0000000767600000, 0x0000000800000000)
  region size 1024K, 3 young (3072K), 1 survivors (1024K)
 Metaspace       used 6182K, capacity 9740K, committed 10112K, reserved 1058816K
  class space    used 776K, capacity 1126K, committed 1152K, reserved 1048576K
}
Event: 0.269 GC heap after
{Heap after GC invocations=2 (full 0):
 garbage-first heap   total 10240K, used 2674K [0x0000000767600000, 0x0000000800000000)
  region size 1024K, 1 young (1024K), 1 survivors (1024K)
 Metaspace       used 6182K, capacity 9740K, committed 10112K, reserved 1058816K
  class space    used 776K, capacity 1126K, committed 1152K, reserved 1048576K
}
Event: 0.306 GC heap before
{Heap before GC invocations=2 (full 0):
 garbage-first heap   total 10240K, used 3698K [0x0000000767600000, 0x0000000800000000)
  region size 1024K, 2 young (2048K), 1 survivors (1024K)
 Metaspace       used 7097K, capacity 10380K, committed 10752K, reserved 1058816K
  class space    used 877K, capacity 1212K, committed 1280K, reserved 1048576K
}
Event: 0.309 GC heap after
{Heap after GC invocations=3 (full 0):
 garbage-first heap   total 10240K, used 2860K [0x0000000767600000, 0x0000000800000000)
  region size 1024K, 1 young (1024K), 1 survivors (1024K)
 Metaspace       used 7097K, capacity 10380K, committed 10752K, reserved 1058816K
  class space    used 877K, capacity 1212K, committed 1280K, reserved 1048576K
}
Event: 0.341 GC heap before
{Heap before GC invocations=4 (full 0):
 garbage-first heap   total 10240K, used 3884K [0x0000000767600000, 0x0000000800000000)
  region size 1024K, 2 young (2048K), 1 survivors (1024K)
 Metaspace       used 7281K, capacity 10531K, committed 10752K, reserved 1058816K
  class space    used 897K, capacity 1220K, committed 1280K, reserved 1048576K
}
Event: 0.343 GC heap after
{Heap after GC invocations=5 (full 0):
 garbage-first heap   total 10240K, used 3334K [0x0000000767600000, 0x0000000800000000)
  region size 1024K, 1 young (1024K), 1 survivors (1024K)
 Metaspace       used 7281K, capacity 10531K, committed 10752K, reserved 1058816K
  class space    used 897K, capacity 1220K, committed 1280K, reserved 1048576K
}
Event: 0.367 GC heap before
{Heap before GC invocations=5 (full 0):
 garbage-first heap   total 10240K, used 4358K [0x0000000767600000, 0x0000000800000000)
  region size 1024K, 2 young (2048K), 1 survivors (1024K)
 Metaspace       used 7501K, capacity 10653K, committed 10752K, reserved 1058816K
  class space    used 924K, capacity 1240K, committed 1280K, reserved 1048576K
}
Event: 0.370 GC heap after
{Heap after GC invocations=6 (full 0):
 garbage-first heap   total 17408K, used 3694K [0x0000000767600000, 0x0000000800000000)
  region size 1024K, 1 young (1024K), 1 survivors (1024K)
 Metaspace       used 7501K, capacity 10653K, committed 10752K, reserved 1058816K
  class space    used 924K, capacity 1240K, committed 1280K, reserved 1048576K
}

